<?xml version="1.0" encoding="UTF-8"?>
<!-- Generated by org.testng.reporters.JUnitReportReporter -->
<testsuite hostname="DESKTOP-F4K26IH" failures="0" tests="2" name="api.test.UserTests" time="6.209" errors="0" timestamp="2025-01-06T19:08:57 IST" skipped="0">
  <testcase classname="api.test.UserTests" name="testPostUser" time="4.639"/>
  <system-out/>
  <testcase classname="api.test.UserTests" name="testDeleteUserByName" time="1.570"/>
  <system-out/>
</testsuite> <!-- api.test.UserTests -->
