<?xml version="1.0" encoding="UTF-8"?>
<!-- Generated by org.testng.reporters.JUnitReportReporter -->
<testsuite hostname="DESKTOP-F4K26IH" failures="0" tests="1" name="api.test.UserTests" time="4.428" errors="0" timestamp="2025-01-05T19:53:58 IST" skipped="0">
  <testcase classname="api.test.UserTests" name="testPostUser" time="4.428"/>
  <system-out/>
</testsuite> <!-- api.test.UserTests -->
