<?xml version="1.0" encoding="UTF-8"?>
<!-- Generated by org.testng.reporters.JUnitReportReporter -->
<testsuite hostname="DESKTOP-F4K26IH" failures="0" tests="6" name="api.test.DDUserTests" time="12.163" errors="0" timestamp="2025-01-06T19:35:41 IST" skipped="0">
  <testcase classname="api.test.DDUserTests" name="testPostUser" time="1.422"/>
  <system-out/>
  <testcase classname="api.test.DDUserTests" name="testPostUser" time="4.598"/>
  <system-out/>
  <testcase classname="api.test.DDUserTests" name="testPostUser" time="1.578"/>
  <system-out/>
  <testcase classname="api.test.DDUserTests" name="testDeleteUserByName" time="1.533"/>
  <system-out/>
  <testcase classname="api.test.DDUserTests" name="testDeleteUserByName" time="1.430"/>
  <system-out/>
  <testcase classname="api.test.DDUserTests" name="testDeleteUserByName" time="1.602"/>
  <system-out/>
</testsuite> <!-- api.test.DDUserTests -->
